Using pre-set license
Built from '2020.3/staging' branch; Version is '2020.3.14f1 (d0d1bb862f9d) revision 13685179'; Using compiler version '192528614'; Build Type 'Release'
OS: 'Windows 10 Pro N; OS build 19045.2364; Version 2009; 64bit' Language: 'es' Physical Memory: 16318 MB
BatchMode: 1, IsHumanControllingUs: 0, StartBugReporterOnCrash: 0, Is64bit: 1, IsPro: 0

 COMMAND LINE ARGUMENTS:
D:\ENTI Programes\2020.3.14f1\Editor\Unity.exe
-adb2
-batchMode
-noUpm
-name
AssetImportWorker0
-projectPath
E:/enti/unity/Asteroids2D/Asteroids 2d
-logFile
Logs/AssetImportWorker0.log
-srvPort
51523
Successfully changed project path to: E:/enti/unity/Asteroids2D/Asteroids 2d
E:/enti/unity/Asteroids2D/Asteroids 2d
Using Asset Import Pipeline V2.
Refreshing native plugins compatible for Editor in 30.44 ms, found 3 plugins.
Preloading 0 native plugins for Editor in 0.00 ms.
Initialize engine version: 2020.3.14f1 (d0d1bb862f9d)
[Subsystems] Discovering subsystems at path D:/ENTI Programes/2020.3.14f1/Editor/Data/Resources/UnitySubsystems
[Subsystems] Discovering subsystems at path E:/enti/unity/Asteroids2D/Asteroids 2d/Assets
GfxDevice: creating device client; threaded=0
Direct3D:
    Version:  Direct3D 11.0 [level 11.1]
    Renderer: NVIDIA GeForce RTX 2060 SUPER (ID=0x1f06)
    Vendor:   
    VRAM:     8019 MB
    Driver:   31.0.15.2756
Initialize mono
Mono path[0] = 'D:/ENTI Programes/2020.3.14f1/Editor/Data/Managed'
Mono path[1] = 'D:/ENTI Programes/2020.3.14f1/Editor/Data/MonoBleedingEdge/lib/mono/unityjit'
Mono config path = 'D:/ENTI Programes/2020.3.14f1/Editor/Data/MonoBleedingEdge/etc'
Using monoOptions --debugger-agent=transport=dt_socket,embedding=1,server=y,suspend=n,address=127.0.0.1:56508
Begin MonoManager ReloadAssembly
Registering precompiled unity dll's ...
Register platform support module: D:/ENTI Programes/2020.3.14f1/Editor/Data/PlaybackEngines/WindowsStandaloneSupport/UnityEditor.WindowsStandalone.Extensions.dll
Registered in 0.000947 seconds.
Native extension for WindowsStandalone target not found
Refreshing native plugins compatible for Editor in 31.35 ms, found 3 plugins.
Preloading 0 native plugins for Editor in 0.00 ms.
Mono: successfully reloaded assembly
- Completed reload, in  0.909 seconds
Domain Reload Profiling:
	ReloadAssembly (909ms)
		BeginReloadAssembly (51ms)
			ExecutionOrderSort (0ms)
			DisableScriptedObjects (0ms)
			BackupInstance (0ms)
			ReleaseScriptingObjects (0ms)
			CreateAndSetChildDomain (1ms)
		EndReloadAssembly (333ms)
			LoadAssemblies (50ms)
			RebuildTransferFunctionScriptingTraits (0ms)
			SetupTypeCache (119ms)
			ReleaseScriptCaches (0ms)
			RebuildScriptCaches (24ms)
			SetupLoadedEditorAssemblies (134ms)
				LogAssemblyErrors (0ms)
				InitializePlatformSupportModulesInManaged (3ms)
				SetLoadedEditorAssemblies (0ms)
				RefreshPlugins (31ms)
				BeforeProcessingInitializeOnLoad (11ms)
				ProcessInitializeOnLoadAttributes (65ms)
				ProcessInitializeOnLoadMethodAttributes (23ms)
				AfterProcessingInitializeOnLoad (0ms)
				EditorAssembliesLoaded (0ms)
			ExecutionOrderSort2 (0ms)
			AwakeInstancesAfterBackupRestoration (0ms)
Platform modules already initialized, skipping
Registering precompiled user dll's ...
Registered in 0.002096 seconds.
Begin MonoManager ReloadAssembly
Native extension for WindowsStandalone target not found
Refreshing native plugins compatible for Editor in 30.86 ms, found 3 plugins.
Preloading 0 native plugins for Editor in 0.00 ms.
Mono: successfully reloaded assembly
- Completed reload, in  0.900 seconds
Domain Reload Profiling:
	ReloadAssembly (900ms)
		BeginReloadAssembly (142ms)
			ExecutionOrderSort (0ms)
			DisableScriptedObjects (4ms)
			BackupInstance (0ms)
			ReleaseScriptingObjects (0ms)
			CreateAndSetChildDomain (32ms)
		EndReloadAssembly (713ms)
			LoadAssemblies (79ms)
			RebuildTransferFunctionScriptingTraits (0ms)
			SetupTypeCache (234ms)
			ReleaseScriptCaches (0ms)
			RebuildScriptCaches (38ms)
			SetupLoadedEditorAssemblies (272ms)
				LogAssemblyErrors (0ms)
				InitializePlatformSupportModulesInManaged (3ms)
				SetLoadedEditorAssemblies (0ms)
				RefreshPlugins (31ms)
				BeforeProcessingInitializeOnLoad (67ms)
				ProcessInitializeOnLoadAttributes (158ms)
				ProcessInitializeOnLoadMethodAttributes (11ms)
				AfterProcessingInitializeOnLoad (2ms)
				EditorAssembliesLoaded (0ms)
			ExecutionOrderSort2 (0ms)
			AwakeInstancesAfterBackupRestoration (5ms)
Platform modules already initialized, skipping
========================================================================
Worker process is ready to serve import requests
Launched and connected shader compiler UnityShaderCompiler.exe after 0.03 seconds
Refreshing native plugins compatible for Editor in 0.39 ms, found 3 plugins.
Preloading 0 native plugins for Editor in 0.00 ms.
Unloading 2093 Unused Serialized files (Serialized files now loaded: 0)
System memory in use before: 93.1 MB.
System memory in use after: 93.0 MB.

Unloading 33 unused Assets to reduce memory usage. Loaded Objects now: 2526.
Total: 2.011500 ms (FindLiveObjects: 0.151400 ms CreateObjectMapping: 0.058500 ms MarkObjects: 1.701000 ms  DeleteObjects: 0.099800 ms)

AssetImportParameters requested are different than current active one (requested -> active):
  custom:video-decoder-ogg-theora: a1e56fd34408186e4bbccfd4996cb3dc -> 
  custom:container-muxer-webm: aa71ff27fc2769a1b78a27578f13a17b -> 
  custom:container-demuxer-webm: 4f35f7cbe854078d1ac9338744f61a02 -> 
  custom:container-demuxer-ogg: 62fdf1f143b41e24485cea50d1cbac27 -> 
  custom:video-encoder-webm-vp8: eb34c28f22e8b96e1ab97ce403110664 -> 
  custom:video-decoder-webm-vp8: 9c59270c3fd7afecdb556c50c9e8de78 -> 
  custom:audio-decoder-ogg-vorbis: bf7c407c2cedff20999df2af8eb42d56 -> 
  custom:audio-encoder-webm-vorbis: bf7c407c2cedff20999df2af8eb42d56 -> 
========================================================================
Received Import Request.
  path: Assets/background.png
  artifactKey: Guid(6dc5d35a628903941a021e63f4e2021b) Importer(815301076,1909f56bfc062723c751e8b465ee728b)
Start importing Assets/background.png using Guid(6dc5d35a628903941a021e63f4e2021b) Importer(815301076,1909f56bfc062723c751e8b465ee728b)  -> (artifact id: '2f9927821b756b896de3e2293b460b0d') in 0.233781 seconds 
  Import took 0.236364 seconds .

========================================================================
Received Import Request.
  Time since last request: 0.000290 seconds.
  path: Assets/asteroidsSpritesheet.png
  artifactKey: Guid(f64c25f0b721b4f4d8f21871f3c82d54) Importer(815301076,1909f56bfc062723c751e8b465ee728b)
Start importing Assets/asteroidsSpritesheet.png using Guid(f64c25f0b721b4f4d8f21871f3c82d54) Importer(815301076,1909f56bfc062723c751e8b465ee728b)  -> (artifact id: '3b4977498374196009b46bf35dadab83') in 0.025160 seconds 
  Import took 0.027791 seconds .

========================================================================
Received Import Request.
  Time since last request: 5.783924 seconds.
  path: Assets/Scripts
  artifactKey: Guid(3dd2811045f191e429c8b2d9aebb944a) Importer(815301076,1909f56bfc062723c751e8b465ee728b)
Start importing Assets/Scripts using Guid(3dd2811045f191e429c8b2d9aebb944a) Importer(815301076,1909f56bfc062723c751e8b465ee728b)  -> (artifact id: '41a6ae2b9e2fd61114e2b6631c3bf837') in 0.008395 seconds 
  Import took 0.010973 seconds .

========================================================================
Received Import Request.
  Time since last request: 0.018902 seconds.
  path: Assets/Scripts
  artifactKey: Guid(3dd2811045f191e429c8b2d9aebb944a) Importer(815301076,1909f56bfc062723c751e8b465ee728b)
Start importing Assets/Scripts using Guid(3dd2811045f191e429c8b2d9aebb944a) Importer(815301076,1909f56bfc062723c751e8b465ee728b)  -> (artifact id: '41a6ae2b9e2fd61114e2b6631c3bf837') in 0.001512 seconds 
  Import took 0.004862 seconds .

========================================================================
Received Import Request.
  Time since last request: 4.688643 seconds.
  path: Assets/Prefabs
  artifactKey: Guid(3eada06c2ea5d7848a3d815f2a14b6da) Importer(815301076,1909f56bfc062723c751e8b465ee728b)
Start importing Assets/Prefabs using Guid(3eada06c2ea5d7848a3d815f2a14b6da) Importer(815301076,1909f56bfc062723c751e8b465ee728b)  -> (artifact id: '8535998d2e91a9b3013292daa9f8829e') in 0.004311 seconds 
  Import took 0.006967 seconds .

========================================================================
Received Import Request.
  Time since last request: 0.064955 seconds.
  path: Assets/Prefabs/Asteroid_big.prefab
  artifactKey: Guid(8457e81bee3ee9f4a822e9cfdbb4b495) Importer(815301076,1909f56bfc062723c751e8b465ee728b)
Start importing Assets/Prefabs/Asteroid_big.prefab using Guid(8457e81bee3ee9f4a822e9cfdbb4b495) Importer(815301076,1909f56bfc062723c751e8b465ee728b)  -> (artifact id: '17a7f692c0be57375778c3491f15a31b') in 0.011876 seconds 
  Import took 0.015310 seconds .

========================================================================
Received Import Request.
  Time since last request: 0.000256 seconds.
  path: Assets/Prefabs/Asteroid_little.prefab
  artifactKey: Guid(9fa359d38269bc94ca2d7f4c112bc8df) Importer(815301076,1909f56bfc062723c751e8b465ee728b)
Start importing Assets/Prefabs/Asteroid_little.prefab using Guid(9fa359d38269bc94ca2d7f4c112bc8df) Importer(815301076,1909f56bfc062723c751e8b465ee728b)  -> (artifact id: '26e12898899d0db5883ef86a4651ffae') in 0.006403 seconds 
  Import took 0.009042 seconds .

========================================================================
Received Import Request.
  Time since last request: 0.000210 seconds.
  path: Assets/Prefabs/player.prefab
  artifactKey: Guid(49f497849f577ef408fdbede876db0f5) Importer(815301076,1909f56bfc062723c751e8b465ee728b)
Start importing Assets/Prefabs/player.prefab using Guid(49f497849f577ef408fdbede876db0f5) Importer(815301076,1909f56bfc062723c751e8b465ee728b)  -> (artifact id: 'dd80a7f7df91410597e0c662aa216081') in 0.006179 seconds 
  Import took 0.008922 seconds .

========================================================================
Received Import Request.
  Time since last request: 0.000257 seconds.
  path: Assets/Prefabs/bullet.prefab
  artifactKey: Guid(2a2f89e77c2a2e240987aa8f09e6aabf) Importer(815301076,1909f56bfc062723c751e8b465ee728b)
Start importing Assets/Prefabs/bullet.prefab using Guid(2a2f89e77c2a2e240987aa8f09e6aabf) Importer(815301076,1909f56bfc062723c751e8b465ee728b)  -> (artifact id: 'a237cabfbacdbcd0ea5816b426080557') in 0.006628 seconds 
  Import took 0.009985 seconds .

========================================================================
Received Import Request.
  Time since last request: 0.000200 seconds.
  path: Assets/Prefabs/Asteroid_medium.prefab
  artifactKey: Guid(678bd34bf313a0b479c0f1b632896d7d) Importer(815301076,1909f56bfc062723c751e8b465ee728b)
Start importing Assets/Prefabs/Asteroid_medium.prefab using Guid(678bd34bf313a0b479c0f1b632896d7d) Importer(815301076,1909f56bfc062723c751e8b465ee728b)  -> (artifact id: 'd5a68ac9968f1215296c7b0e249ec9c3') in 0.010071 seconds 
  Import took 0.013007 seconds .

========================================================================
Received Import Request.
  Time since last request: 14.082724 seconds.
  path: Assets/Scenes
  artifactKey: Guid(477b33f34eb3a354da34bd59abb670be) Importer(815301076,1909f56bfc062723c751e8b465ee728b)
Start importing Assets/Scenes using Guid(477b33f34eb3a354da34bd59abb670be) Importer(815301076,1909f56bfc062723c751e8b465ee728b)  -> (artifact id: '4e007c66e4302aa668537e568c4e626f') in 0.004568 seconds 
  Import took 0.007240 seconds .

========================================================================
Received Import Request.
  Time since last request: 1.200805 seconds.
  path: Assets/Scenes/GameOver.unity
  artifactKey: Guid(14c6ea3078a97744daade524e14b5375) Importer(815301076,1909f56bfc062723c751e8b465ee728b)
Start importing Assets/Scenes/GameOver.unity using Guid(14c6ea3078a97744daade524e14b5375) Importer(815301076,1909f56bfc062723c751e8b465ee728b)  -> (artifact id: '845e844793ea547501a185b4d239f1d9') in 0.004376 seconds 
  Import took 0.007065 seconds .

========================================================================
Received Import Request.
  Time since last request: 20.355537 seconds.
  path: Assets/Scenes/MainScene.unity
  artifactKey: Guid(04ba54f8509336649bb674ba2d799656) Importer(815301076,1909f56bfc062723c751e8b465ee728b)
Start importing Assets/Scenes/MainScene.unity using Guid(04ba54f8509336649bb674ba2d799656) Importer(815301076,1909f56bfc062723c751e8b465ee728b)  -> (artifact id: '8df92540d01a64710ac41e815d8a2e60') in 0.004463 seconds 
  Import took 0.007268 seconds .

========================================================================
Received Prepare
Registering precompiled user dll's ...
Registered in 0.002121 seconds.
Begin MonoManager ReloadAssembly
Native extension for WindowsStandalone target not found
Refreshing native plugins compatible for Editor in 0.40 ms, found 3 plugins.
Preloading 0 native plugins for Editor in 0.00 ms.
Mono: successfully reloaded assembly
- Completed reload, in  0.820 seconds
Domain Reload Profiling:
	ReloadAssembly (821ms)
		BeginReloadAssembly (105ms)
			ExecutionOrderSort (0ms)
			DisableScriptedObjects (5ms)
			BackupInstance (0ms)
			ReleaseScriptingObjects (0ms)
			CreateAndSetChildDomain (29ms)
		EndReloadAssembly (669ms)
			LoadAssemblies (77ms)
			RebuildTransferFunctionScriptingTraits (0ms)
			SetupTypeCache (236ms)
			ReleaseScriptCaches (1ms)
			RebuildScriptCaches (34ms)
			SetupLoadedEditorAssemblies (240ms)
				LogAssemblyErrors (0ms)
				InitializePlatformSupportModulesInManaged (4ms)
				SetLoadedEditorAssemblies (0ms)
				RefreshPlugins (0ms)
				BeforeProcessingInitializeOnLoad (65ms)
				ProcessInitializeOnLoadAttributes (161ms)
				ProcessInitializeOnLoadMethodAttributes (7ms)
				AfterProcessingInitializeOnLoad (2ms)
				EditorAssembliesLoaded (0ms)
			ExecutionOrderSort2 (0ms)
			AwakeInstancesAfterBackupRestoration (10ms)
Platform modules already initialized, skipping
Refreshing native plugins compatible for Editor in 0.37 ms, found 3 plugins.
Preloading 0 native plugins for Editor in 0.00 ms.
Unloading 2088 Unused Serialized files (Serialized files now loaded: 0)
System memory in use before: 96.0 MB.
System memory in use after: 96.0 MB.

Unloading 21 unused Assets to reduce memory usage. Loaded Objects now: 2547.
Total: 2.124700 ms (FindLiveObjects: 0.164800 ms CreateObjectMapping: 0.066400 ms MarkObjects: 1.801200 ms  DeleteObjects: 0.091400 ms)

AssetImportParameters requested are different than current active one (requested -> active):
  custom:video-decoder-ogg-theora: a1e56fd34408186e4bbccfd4996cb3dc -> 
  custom:container-muxer-webm: aa71ff27fc2769a1b78a27578f13a17b -> 
  custom:container-demuxer-webm: 4f35f7cbe854078d1ac9338744f61a02 -> 
  custom:container-demuxer-ogg: 62fdf1f143b41e24485cea50d1cbac27 -> 
  custom:video-encoder-webm-vp8: eb34c28f22e8b96e1ab97ce403110664 -> 
  custom:video-decoder-webm-vp8: 9c59270c3fd7afecdb556c50c9e8de78 -> 
  custom:audio-decoder-ogg-vorbis: bf7c407c2cedff20999df2af8eb42d56 -> 
  custom:audio-encoder-webm-vorbis: bf7c407c2cedff20999df2af8eb42d56 -> 
========================================================================
Received Prepare
Registering precompiled user dll's ...
Registered in 0.002094 seconds.
Begin MonoManager ReloadAssembly
Native extension for WindowsStandalone target not found
Refreshing native plugins compatible for Editor in 0.40 ms, found 3 plugins.
Preloading 0 native plugins for Editor in 0.00 ms.
Mono: successfully reloaded assembly
- Completed reload, in  0.788 seconds
Domain Reload Profiling:
	ReloadAssembly (788ms)
		BeginReloadAssembly (96ms)
			ExecutionOrderSort (0ms)
			DisableScriptedObjects (5ms)
			BackupInstance (0ms)
			ReleaseScriptingObjects (0ms)
			CreateAndSetChildDomain (27ms)
		EndReloadAssembly (648ms)
			LoadAssemblies (77ms)
			RebuildTransferFunctionScriptingTraits (0ms)
			SetupTypeCache (226ms)
			ReleaseScriptCaches (1ms)
			RebuildScriptCaches (34ms)
			SetupLoadedEditorAssemblies (239ms)
				LogAssemblyErrors (0ms)
				InitializePlatformSupportModulesInManaged (4ms)
				SetLoadedEditorAssemblies (0ms)
				RefreshPlugins (0ms)
				BeforeProcessingInitializeOnLoad (68ms)
				ProcessInitializeOnLoadAttributes (160ms)
				ProcessInitializeOnLoadMethodAttributes (5ms)
				AfterProcessingInitializeOnLoad (2ms)
				EditorAssembliesLoaded (0ms)
			ExecutionOrderSort2 (0ms)
			AwakeInstancesAfterBackupRestoration (9ms)
Platform modules already initialized, skipping
Refreshing native plugins compatible for Editor in 0.41 ms, found 3 plugins.
Preloading 0 native plugins for Editor in 0.00 ms.
Unloading 2088 Unused Serialized files (Serialized files now loaded: 0)
System memory in use before: 96.0 MB.
System memory in use after: 96.0 MB.

Unloading 21 unused Assets to reduce memory usage. Loaded Objects now: 2551.
Total: 1.848800 ms (FindLiveObjects: 0.166900 ms CreateObjectMapping: 0.072900 ms MarkObjects: 1.520400 ms  DeleteObjects: 0.087700 ms)

AssetImportParameters requested are different than current active one (requested -> active):
  custom:video-decoder-ogg-theora: a1e56fd34408186e4bbccfd4996cb3dc -> 
  custom:container-muxer-webm: aa71ff27fc2769a1b78a27578f13a17b -> 
  custom:container-demuxer-webm: 4f35f7cbe854078d1ac9338744f61a02 -> 
  custom:container-demuxer-ogg: 62fdf1f143b41e24485cea50d1cbac27 -> 
  custom:video-encoder-webm-vp8: eb34c28f22e8b96e1ab97ce403110664 -> 
  custom:video-decoder-webm-vp8: 9c59270c3fd7afecdb556c50c9e8de78 -> 
  custom:audio-decoder-ogg-vorbis: bf7c407c2cedff20999df2af8eb42d56 -> 
  custom:audio-encoder-webm-vorbis: bf7c407c2cedff20999df2af8eb42d56 -> 
========================================================================
Received Import Request.
  Time since last request: 236.478075 seconds.
  path: Assets/Prefabs/Asteroid_big.prefab
  artifactKey: Guid(8457e81bee3ee9f4a822e9cfdbb4b495) Importer(815301076,1909f56bfc062723c751e8b465ee728b)
Start importing Assets/Prefabs/Asteroid_big.prefab using Guid(8457e81bee3ee9f4a822e9cfdbb4b495) Importer(815301076,1909f56bfc062723c751e8b465ee728b)  -> (artifact id: '5485145561c4a79570e2db42c095392e') in 0.020838 seconds 
  Import took 0.024204 seconds .

========================================================================
Received Import Request.
  Time since last request: 0.000214 seconds.
  path: Assets/Prefabs/Asteroid_little.prefab
  artifactKey: Guid(9fa359d38269bc94ca2d7f4c112bc8df) Importer(815301076,1909f56bfc062723c751e8b465ee728b)
Start importing Assets/Prefabs/Asteroid_little.prefab using Guid(9fa359d38269bc94ca2d7f4c112bc8df) Importer(815301076,1909f56bfc062723c751e8b465ee728b)  -> (artifact id: '304d7f4a7ee8891d7c1283a7c56f19d6') in 0.004399 seconds 
  Import took 0.007412 seconds .

========================================================================
Received Import Request.
  Time since last request: 0.000188 seconds.
  path: Assets/Prefabs/player.prefab
  artifactKey: Guid(49f497849f577ef408fdbede876db0f5) Importer(815301076,1909f56bfc062723c751e8b465ee728b)
Start importing Assets/Prefabs/player.prefab using Guid(49f497849f577ef408fdbede876db0f5) Importer(815301076,1909f56bfc062723c751e8b465ee728b)  -> (artifact id: 'c5d730720802aa772c4d18376ba772a8') in 0.004382 seconds 
  Import took 0.007439 seconds .

========================================================================
Received Import Request.
  Time since last request: 0.000187 seconds.
  path: Assets/Prefabs/bullet.prefab
  artifactKey: Guid(2a2f89e77c2a2e240987aa8f09e6aabf) Importer(815301076,1909f56bfc062723c751e8b465ee728b)
Start importing Assets/Prefabs/bullet.prefab using Guid(2a2f89e77c2a2e240987aa8f09e6aabf) Importer(815301076,1909f56bfc062723c751e8b465ee728b)  -> (artifact id: '6c963b46f45948aa56e3c23a59414e91') in 0.005554 seconds 
  Import took 0.008410 seconds .

========================================================================
Received Import Request.
  Time since last request: 0.000183 seconds.
  path: Assets/Prefabs/Asteroid_medium.prefab
  artifactKey: Guid(678bd34bf313a0b479c0f1b632896d7d) Importer(815301076,1909f56bfc062723c751e8b465ee728b)
Start importing Assets/Prefabs/Asteroid_medium.prefab using Guid(678bd34bf313a0b479c0f1b632896d7d) Importer(815301076,1909f56bfc062723c751e8b465ee728b)  -> (artifact id: '3fa71067f74ec0020014663c9fc965da') in 0.011418 seconds 
  Import took 0.014600 seconds .

========================================================================
Received Prepare
Registering precompiled user dll's ...
Registered in 0.002443 seconds.
Begin MonoManager ReloadAssembly
Native extension for WindowsStandalone target not found
Refreshing native plugins compatible for Editor in 0.39 ms, found 3 plugins.
Preloading 0 native plugins for Editor in 0.00 ms.
Mono: successfully reloaded assembly
- Completed reload, in  0.807 seconds
Domain Reload Profiling:
	ReloadAssembly (807ms)
		BeginReloadAssembly (102ms)
			ExecutionOrderSort (0ms)
			DisableScriptedObjects (5ms)
			BackupInstance (0ms)
			ReleaseScriptingObjects (0ms)
			CreateAndSetChildDomain (28ms)
		EndReloadAssembly (660ms)
			LoadAssemblies (79ms)
			RebuildTransferFunctionScriptingTraits (0ms)
			SetupTypeCache (234ms)
			ReleaseScriptCaches (1ms)
			RebuildScriptCaches (34ms)
			SetupLoadedEditorAssemblies (238ms)
				LogAssemblyErrors (0ms)
				InitializePlatformSupportModulesInManaged (4ms)
				SetLoadedEditorAssemblies (0ms)
				RefreshPlugins (0ms)
				BeforeProcessingInitializeOnLoad (66ms)
				ProcessInitializeOnLoadAttributes (161ms)
				ProcessInitializeOnLoadMethodAttributes (5ms)
				AfterProcessingInitializeOnLoad (2ms)
				EditorAssembliesLoaded (0ms)
			ExecutionOrderSort2 (0ms)
			AwakeInstancesAfterBackupRestoration (8ms)
Platform modules already initialized, skipping
Refreshing native plugins compatible for Editor in 0.40 ms, found 3 plugins.
Preloading 0 native plugins for Editor in 0.00 ms.
Unloading 2088 Unused Serialized files (Serialized files now loaded: 0)
System memory in use before: 96.1 MB.
System memory in use after: 96.1 MB.

Unloading 21 unused Assets to reduce memory usage. Loaded Objects now: 2555.
Total: 2.051200 ms (FindLiveObjects: 0.180800 ms CreateObjectMapping: 0.069800 ms MarkObjects: 1.716200 ms  DeleteObjects: 0.083800 ms)

AssetImportParameters requested are different than current active one (requested -> active):
  custom:video-decoder-ogg-theora: a1e56fd34408186e4bbccfd4996cb3dc -> 
  custom:container-muxer-webm: aa71ff27fc2769a1b78a27578f13a17b -> 
  custom:container-demuxer-webm: 4f35f7cbe854078d1ac9338744f61a02 -> 
  custom:container-demuxer-ogg: 62fdf1f143b41e24485cea50d1cbac27 -> 
  custom:video-encoder-webm-vp8: eb34c28f22e8b96e1ab97ce403110664 -> 
  custom:video-decoder-webm-vp8: 9c59270c3fd7afecdb556c50c9e8de78 -> 
  custom:audio-decoder-ogg-vorbis: bf7c407c2cedff20999df2af8eb42d56 -> 
  custom:audio-encoder-webm-vorbis: bf7c407c2cedff20999df2af8eb42d56 -> 
========================================================================
Received Import Request.
  Time since last request: 8.816483 seconds.
  path: Assets/Prefabs/Asteroid_big.prefab
  artifactKey: Guid(8457e81bee3ee9f4a822e9cfdbb4b495) Importer(815301076,1909f56bfc062723c751e8b465ee728b)
Start importing Assets/Prefabs/Asteroid_big.prefab using Guid(8457e81bee3ee9f4a822e9cfdbb4b495) Importer(815301076,1909f56bfc062723c751e8b465ee728b)  -> (artifact id: '348e55902389eaefcf894a7b365dafc5') in 0.092686 seconds 
  Import took 0.095503 seconds .

========================================================================
Received Import Request.
  Time since last request: 4.756920 seconds.
  path: Assets/Prefabs/Asteroid_little.prefab
  artifactKey: Guid(9fa359d38269bc94ca2d7f4c112bc8df) Importer(815301076,1909f56bfc062723c751e8b465ee728b)
Start importing Assets/Prefabs/Asteroid_little.prefab using Guid(9fa359d38269bc94ca2d7f4c112bc8df) Importer(815301076,1909f56bfc062723c751e8b465ee728b)  -> (artifact id: '83f1b84cf0a99f1ac554b1dbc3dfce13') in 0.009850 seconds 
  Import took 0.012755 seconds .

========================================================================
Received Import Request.
  Time since last request: 6.441005 seconds.
  path: Assets/Prefabs/Asteroid_medium.prefab
  artifactKey: Guid(678bd34bf313a0b479c0f1b632896d7d) Importer(815301076,1909f56bfc062723c751e8b465ee728b)
Start importing Assets/Prefabs/Asteroid_medium.prefab using Guid(678bd34bf313a0b479c0f1b632896d7d) Importer(815301076,1909f56bfc062723c751e8b465ee728b)  -> (artifact id: 'f8ef98db8920990e356637baa16b12c2') in 0.008836 seconds 
  Import took 0.011672 seconds .

========================================================================
Received Import Request.
  Time since last request: 6.864710 seconds.
  path: Assets/Prefabs/bullet.prefab
  artifactKey: Guid(2a2f89e77c2a2e240987aa8f09e6aabf) Importer(815301076,1909f56bfc062723c751e8b465ee728b)
Start importing Assets/Prefabs/bullet.prefab using Guid(2a2f89e77c2a2e240987aa8f09e6aabf) Importer(815301076,1909f56bfc062723c751e8b465ee728b)  -> (artifact id: 'b34dcc1fc7a4ef0cf758a7183df73c13') in 0.010008 seconds 
  Import took 0.013672 seconds .

========================================================================
Received Prepare
Registering precompiled user dll's ...
Registered in 0.002101 seconds.
Begin MonoManager ReloadAssembly
Native extension for WindowsStandalone target not found
Refreshing native plugins compatible for Editor in 0.40 ms, found 3 plugins.
Preloading 0 native plugins for Editor in 0.00 ms.
Mono: successfully reloaded assembly
- Completed reload, in  0.791 seconds
Domain Reload Profiling:
	ReloadAssembly (791ms)
		BeginReloadAssembly (89ms)
			ExecutionOrderSort (0ms)
			DisableScriptedObjects (5ms)
			BackupInstance (0ms)
			ReleaseScriptingObjects (0ms)
			CreateAndSetChildDomain (25ms)
		EndReloadAssembly (658ms)
			LoadAssemblies (75ms)
			RebuildTransferFunctionScriptingTraits (0ms)
			SetupTypeCache (232ms)
			ReleaseScriptCaches (1ms)
			RebuildScriptCaches (33ms)
			SetupLoadedEditorAssemblies (242ms)
				LogAssemblyErrors (0ms)
				InitializePlatformSupportModulesInManaged (4ms)
				SetLoadedEditorAssemblies (0ms)
				RefreshPlugins (0ms)
				BeforeProcessingInitializeOnLoad (67ms)
				ProcessInitializeOnLoadAttributes (164ms)
				ProcessInitializeOnLoadMethodAttributes (5ms)
				AfterProcessingInitializeOnLoad (2ms)
				EditorAssembliesLoaded (0ms)
			ExecutionOrderSort2 (0ms)
			AwakeInstancesAfterBackupRestoration (8ms)
Platform modules already initialized, skipping
Refreshing native plugins compatible for Editor in 0.38 ms, found 3 plugins.
Preloading 0 native plugins for Editor in 0.00 ms.
Unloading 2088 Unused Serialized files (Serialized files now loaded: 0)
System memory in use before: 96.1 MB.
System memory in use after: 96.1 MB.

Unloading 21 unused Assets to reduce memory usage. Loaded Objects now: 2564.
Total: 2.110900 ms (FindLiveObjects: 0.162200 ms CreateObjectMapping: 0.069700 ms MarkObjects: 1.792600 ms  DeleteObjects: 0.085600 ms)

AssetImportParameters requested are different than current active one (requested -> active):
  custom:video-decoder-ogg-theora: a1e56fd34408186e4bbccfd4996cb3dc -> 
  custom:container-muxer-webm: aa71ff27fc2769a1b78a27578f13a17b -> 
  custom:container-demuxer-webm: 4f35f7cbe854078d1ac9338744f61a02 -> 
  custom:container-demuxer-ogg: 62fdf1f143b41e24485cea50d1cbac27 -> 
  custom:video-encoder-webm-vp8: eb34c28f22e8b96e1ab97ce403110664 -> 
  custom:video-decoder-webm-vp8: 9c59270c3fd7afecdb556c50c9e8de78 -> 
  custom:audio-decoder-ogg-vorbis: bf7c407c2cedff20999df2af8eb42d56 -> 
  custom:audio-encoder-webm-vorbis: bf7c407c2cedff20999df2af8eb42d56 -> 
========================================================================
Received Import Request.
  Time since last request: 83.811956 seconds.
  path: Assets/Prefabs/player.prefab
  artifactKey: Guid(49f497849f577ef408fdbede876db0f5) Importer(815301076,1909f56bfc062723c751e8b465ee728b)
Start importing Assets/Prefabs/player.prefab using Guid(49f497849f577ef408fdbede876db0f5) Importer(815301076,1909f56bfc062723c751e8b465ee728b)  -> (artifact id: '0abb44fb9b3ffa00b3dec3ebf80899e2') in 0.041066 seconds 
  Import took 0.044141 seconds .

AssetImportWorkerClient::OnTransportError - code=2 error=End of file
